<?xml version="1.0" encoding="UTF-8"?>
<!-- Generated by org.testng.reporters.JUnitReportReporter -->
<testsuite hostname="Quantiphi-1070" name="angel.Runner.AngelRunner" tests="1" failures="0" timestamp="22 May 2021 16:56:49 GMT" time="28.517" errors="0">
  <testcase name="feature" time="28.517" classname="angel.Runner.AngelRunner"/>
</testsuite> <!-- angel.Runner.AngelRunner -->
