<?xml version="1.0" encoding="UTF-8"?>
<!-- Generated by org.testng.reporters.JUnitReportReporter -->
<testsuite hostname="Quantiphi-1070" name="angel.Runner.AngelRunner" tests="1" failures="0" timestamp="23 May 2021 10:29:34 GMT" time="95.194" errors="0">
  <testcase name="feature" time="95.194" classname="angel.Runner.AngelRunner"/>
</testsuite> <!-- angel.Runner.AngelRunner -->
